INFO [2018-10-23 21:34:31] 67:load
INFO [2018-10-23 21:34:34] 117: analysis render ui
INFO [2018-10-23 21:34:34] analysis render ui: no data available
INFO [2018-10-23 21:34:35] 40: model-testsPanel::tests - renderUI - TESTS
INFO [2018-10-23 21:34:48] 163:loadDemoDataBtn2
INFO [2018-10-23 21:34:48] 24:loadDemoData2
INFO [2018-10-23 21:34:48] 61:init_factors 
INFO [2018-10-23 21:34:48] uniq_vals_description: 1,2,3,4,5,6,9,10,11,12
INFO [2018-10-23 21:34:48] uniq_vals_description: 5248-1,5248-2,5278-1,5278-2,5285-1,5285-2,5294-1,5294-2,5301-1,5301-2
INFO [2018-10-23 21:34:48] uniq_vals_description: 5248,5278,5285,5294,5301
INFO [2018-10-23 21:34:48] uniq_vals_description: early,late
INFO [2018-10-23 21:34:48] uniq_vals_description: 0,1
INFO [2018-10-23 21:34:48] uniq_vals_description: Cau,Hisp
INFO [2018-10-23 21:34:48] uniq_vals_description: non-Hispanic,Hispanic
INFO [2018-10-23 21:34:48] uniq_vals_description: Caucasian
INFO [2018-10-23 21:34:48] uniq_vals_description: Caucasian,Hispanic
INFO [2018-10-23 21:34:48] uniq_vals_description: underweight/normal,overweight,obese
INFO [2018-10-23 21:34:48] uniq_vals_description: underweight/normal,overweight
INFO [2018-10-23 21:34:48] uniq_vals_description: underweight/normal,obese
INFO [2018-10-23 21:34:48] uniq_vals_description: 1,0,2+
INFO [2018-10-23 21:34:48] uniq_vals_description: one previous birth,no previous births
INFO [2018-10-23 21:34:48] uniq_vals_description: no previous births,two or more previous birth
INFO [2018-10-23 21:34:48] uniq_vals_description: inadequate weight gain,excessive weight gain
INFO [2018-10-23 21:34:48] 85: EXIT init_factors
INFO [2018-10-23 21:34:48] 67:load
INFO [2018-10-23 21:35:42] 117: analysis render ui
INFO [2018-10-23 21:35:42] 120: analysis render ui: all data available
INFO [2018-10-23 21:35:42] analysis : plot TreatmentGroup
INFO [2018-10-23 21:35:44] 40: model-testsPanel::tests - renderUI - TESTS
INFO [2018-10-23 21:40:27] 40: model-testsPanel::tests - renderUI - TESTS
INFO [2018-10-23 21:40:38] 40: model-testsPanel::tests - renderUI - TESTS
INFO [2018-10-23 21:40:40] Running tests: 2
INFO [2018-10-23 21:40:42] results: 2
INFO [2018-10-23 21:40:42] c(1, 2)
INFO [2018-10-23 21:40:42] c("jsd", "jsd")
INFO [2018-10-23 21:40:42] c("ethnicity_all", "iom_weight")
INFO [2018-10-23 21:40:42] c("TreatmentGroup", "TreatmentGroup")
INFO [2018-10-23 21:40:42] c(0.847, 0.865)
INFO [2018-10-23 21:40:42] c(999, 999)
INFO [2018-10-23 21:40:42] c(0.356378950983705, 0.356378950983705)
INFO [2018-10-23 21:40:42] c("SUCCESS", "SUCCESS")
INFO [2018-10-23 21:40:42] 40: model-testsPanel::tests - renderUI - TESTS
INFO [2018-10-24 09:24:29] 67:load
INFO [2018-10-24 09:24:32] 117: analysis render ui
INFO [2018-10-24 09:24:32] analysis render ui: no data available
INFO [2018-10-24 09:24:35] 40: model-testsPanel::tests - renderUI - TESTS
INFO [2018-10-24 09:35:36] 67:load
INFO [2018-10-24 09:35:37] 159:loadDemoDataBtn
INFO [2018-10-24 09:35:37] 46:loadDemoData
INFO [2018-10-24 09:35:37] 61:init_factors 
INFO [2018-10-24 09:35:37] uniq_vals_description: white,black
INFO [2018-10-24 09:35:37] uniq_vals_description: DIST,PROX
INFO [2018-10-24 09:35:37] 85: EXIT init_factors
INFO [2018-10-24 09:35:37] 67:load
INFO [2018-10-24 09:35:40] 169: clearDataBtn
INFO [2018-10-24 09:35:40] 67:load
INFO [2018-10-24 09:35:42] 163:loadDemoDataBtn2
INFO [2018-10-24 09:35:42] 24:loadDemoData2
INFO [2018-10-24 09:35:42] 61:init_factors 
INFO [2018-10-24 09:35:42] uniq_vals_description: 1,2,3,4,5,6,9,10,11,12
INFO [2018-10-24 09:35:42] uniq_vals_description: 5248-1,5248-2,5278-1,5278-2,5285-1,5285-2,5294-1,5294-2,5301-1,5301-2
INFO [2018-10-24 09:35:42] uniq_vals_description: 5248,5278,5285,5294,5301
INFO [2018-10-24 09:35:42] uniq_vals_description: early,late
INFO [2018-10-24 09:35:42] uniq_vals_description: 0,1
INFO [2018-10-24 09:35:42] uniq_vals_description: Cau,Hisp
INFO [2018-10-24 09:35:42] uniq_vals_description: non-Hispanic,Hispanic
INFO [2018-10-24 09:35:42] uniq_vals_description: Caucasian
INFO [2018-10-24 09:35:42] uniq_vals_description: Caucasian,Hispanic
INFO [2018-10-24 09:35:42] uniq_vals_description: underweight/normal,overweight,obese
INFO [2018-10-24 09:35:42] uniq_vals_description: underweight/normal,overweight
INFO [2018-10-24 09:35:42] uniq_vals_description: underweight/normal,obese
INFO [2018-10-24 09:35:42] uniq_vals_description: 1,0,2+
INFO [2018-10-24 09:35:42] uniq_vals_description: one previous birth,no previous births
INFO [2018-10-24 09:35:42] uniq_vals_description: no previous births,two or more previous birth
INFO [2018-10-24 09:35:42] uniq_vals_description: inadequate weight gain,excessive weight gain
INFO [2018-10-24 09:35:42] 85: EXIT init_factors
INFO [2018-10-24 09:35:42] 67:load
INFO [2018-10-24 09:35:45] 117: analysis render ui
INFO [2018-10-24 09:35:45] 120: analysis render ui: all data available
INFO [2018-10-24 09:35:46] analysis : plot TreatmentGroup
INFO [2018-10-24 09:35:47] 40: model-testsPanel::tests - renderUI - TESTS
INFO [2018-10-24 09:35:52] newplot: TreatmentGroup None jsd
INFO [2018-10-24 09:35:59] newplot: TreatmentGroup trimester3_1 jsd
INFO [2018-10-24 09:36:09] newplot: TreatmentGroup iom_weight jsd
INFO [2018-10-24 09:36:20] newplot: TreatmentGroup None jsd
INFO [2018-10-24 09:36:26] newplot: TreatmentGroup ethnicity_all jsd
INFO [2018-10-24 09:37:01] newplot: TreatmentGroup TreatmentGroup jsd
INFO [2018-10-24 09:37:03] newplot: TreatmentGroup None jsd
INFO [2018-10-24 09:37:08] newplot: TreatmentGroup ethnicity_CaucVSHisp jsd
INFO [2018-10-24 09:37:10] newplot: TreatmentGroup TreatmentGroup jsd
INFO [2018-10-24 09:37:28] 40: model-testsPanel::tests - renderUI - TESTS
INFO [2018-10-24 09:37:34] 40: model-testsPanel::tests - renderUI - TESTS
INFO [2018-10-24 09:37:40] 40: model-testsPanel::tests - renderUI - TESTS
INFO [2018-10-24 09:37:41] Running tests: 3
INFO [2018-10-24 09:37:44] results: 3
INFO [2018-10-24 09:37:44] c(1, 2, 3)
INFO [2018-10-24 09:37:44] c("jsd", "jsd", "jsd")
INFO [2018-10-24 09:37:44] c("None", "trimester3_1", "ethnicity_all")
INFO [2018-10-24 09:37:44] c("TreatmentGroup", "TreatmentGroup", "TreatmentGroup")
INFO [2018-10-24 09:37:44] c(0.916, 1, 0.848)
INFO [2018-10-24 09:37:44] c(999, 999, 999)
INFO [2018-10-24 09:37:44] c(0.356378950983705, 0.356378950983705, 0.356378950983705)
INFO [2018-10-24 09:37:44] c("SUCCESS", "SUCCESS", "SUCCESS")
INFO [2018-10-24 09:37:44] 40: model-testsPanel::tests - renderUI - TESTS
INFO [2018-10-24 10:02:03] 67:load
INFO [2018-10-24 10:02:04] 163:loadDemoDataBtn2
INFO [2018-10-24 10:02:04] 24:loadDemoData2
INFO [2018-10-24 10:02:04] 61:init_factors 
INFO [2018-10-24 10:02:04] uniq_vals_description: 1,2,3,4,5,6,9,10,11,12
INFO [2018-10-24 10:02:04] uniq_vals_description: 5248-1,5248-2,5278-1,5278-2,5285-1,5285-2,5294-1,5294-2,5301-1,5301-2
INFO [2018-10-24 10:02:04] uniq_vals_description: 5248,5278,5285,5294,5301
INFO [2018-10-24 10:02:04] uniq_vals_description: early,late
INFO [2018-10-24 10:02:05] uniq_vals_description: 0,1
INFO [2018-10-24 10:02:05] uniq_vals_description: Cau,Hisp
INFO [2018-10-24 10:02:05] uniq_vals_description: non-Hispanic,Hispanic
INFO [2018-10-24 10:02:05] uniq_vals_description: Caucasian
INFO [2018-10-24 10:02:05] uniq_vals_description: Caucasian,Hispanic
INFO [2018-10-24 10:02:05] uniq_vals_description: underweight/normal,overweight,obese
INFO [2018-10-24 10:02:05] uniq_vals_description: underweight/normal,overweight
INFO [2018-10-24 10:02:05] uniq_vals_description: underweight/normal,obese
INFO [2018-10-24 10:02:05] uniq_vals_description: 1,0,2+
INFO [2018-10-24 10:02:05] uniq_vals_description: one previous birth,no previous births
INFO [2018-10-24 10:02:05] uniq_vals_description: no previous births,two or more previous birth
INFO [2018-10-24 10:02:05] uniq_vals_description: inadequate weight gain,excessive weight gain
INFO [2018-10-24 10:02:05] 85: EXIT init_factors
INFO [2018-10-24 10:02:05] 67:load
INFO [2018-10-24 10:02:11] 117: analysis render ui
INFO [2018-10-24 10:02:11] 120: analysis render ui: all data available
INFO [2018-10-24 10:02:12] analysis : plot TreatmentGroup
INFO [2018-10-24 10:02:16] 40: model-testsPanel::tests - renderUI - TESTS
INFO [2018-10-24 10:02:41] newplot: TreatmentGroup ethnicity_CaucVSHisp jsd
INFO [2018-10-24 10:02:45] newplot: TreatmentGroup TreatmentGroup jsd
INFO [2018-10-24 10:02:48] newplot: TreatmentGroup None jsd
INFO [2018-10-24 10:02:51] newplot: TreatmentGroup TreatmentGroup jsd
INFO [2018-10-24 10:02:54] newplot: TreatmentGroup ethnicity_CaucVSHisp jsd
INFO [2018-10-24 10:02:57] newplot: TreatmentGroup None jsd
INFO [2018-10-24 13:03:20] 67:load
INFO [2018-10-24 13:03:23] 163:loadDemoDataBtn2
INFO [2018-10-24 13:03:23] 24:loadDemoData2
INFO [2018-10-24 13:03:23] 61:init_factors 
INFO [2018-10-24 13:03:23] uniq_vals_description: 1,2,3,4,5,6,9,10,11,12
INFO [2018-10-24 13:03:23] uniq_vals_description: 5248-1,5248-2,5278-1,5278-2,5285-1,5285-2,5294-1,5294-2,5301-1,5301-2
INFO [2018-10-24 13:03:23] uniq_vals_description: 5248,5278,5285,5294,5301
INFO [2018-10-24 13:03:23] uniq_vals_description: early,late
INFO [2018-10-24 13:03:23] uniq_vals_description: 0,1
INFO [2018-10-24 13:03:23] uniq_vals_description: Cau,Hisp
INFO [2018-10-24 13:03:23] uniq_vals_description: non-Hispanic,Hispanic
INFO [2018-10-24 13:03:23] uniq_vals_description: Caucasian
INFO [2018-10-24 13:03:23] uniq_vals_description: Caucasian,Hispanic
INFO [2018-10-24 13:03:23] uniq_vals_description: underweight/normal,overweight,obese
INFO [2018-10-24 13:03:23] uniq_vals_description: underweight/normal,overweight
INFO [2018-10-24 13:03:23] uniq_vals_description: underweight/normal,obese
INFO [2018-10-24 13:03:23] uniq_vals_description: 1,0,2+
INFO [2018-10-24 13:03:23] uniq_vals_description: one previous birth,no previous births
INFO [2018-10-24 13:03:23] uniq_vals_description: no previous births,two or more previous birth
INFO [2018-10-24 13:03:23] uniq_vals_description: inadequate weight gain,excessive weight gain
INFO [2018-10-24 13:03:23] 85: EXIT init_factors
INFO [2018-10-24 13:03:23] 67:load
INFO [2018-10-24 13:04:04] 117: analysis render ui
INFO [2018-10-24 13:04:04] 120: analysis render ui: all data available
INFO [2018-10-24 13:04:04] analysis : plot TreatmentGroup
INFO [2018-10-24 13:04:13] newplot: TreatmentGroup None jsd
INFO [2018-10-24 13:04:17] newplot: TreatmentGroup ethnicity_all jsd
INFO [2018-10-24 13:04:50] analysis : plot ethnicity_all
INFO [2018-10-24 13:05:30] 40: model-testsPanel::tests - renderUI - TESTS
INFO [2018-10-24 13:05:41] 40: model-testsPanel::tests - renderUI - TESTS
INFO [2018-10-24 13:05:49] 40: model-testsPanel::tests - renderUI - TESTS
INFO [2018-10-24 13:05:50] Running tests: 2
INFO [2018-10-24 13:05:52] results: 2
INFO [2018-10-24 13:05:52] c(1, 2)
INFO [2018-10-24 13:05:52] c("jsd", "jsd")
INFO [2018-10-24 13:05:52] c("None", "ethnicity_HispVSNonhisp")
INFO [2018-10-24 13:05:52] c("TreatmentGroup", "TreatmentGroup")
INFO [2018-10-24 13:05:52] c(0.912, 0.868)
INFO [2018-10-24 13:05:52] c(999, 999)
INFO [2018-10-24 13:05:52] c(0.356378950983705, 0.356378950983705)
INFO [2018-10-24 13:05:52] c("SUCCESS", "SUCCESS")
INFO [2018-10-24 13:05:52] 40: model-testsPanel::tests - renderUI - TESTS
INFO [2018-10-24 13:08:04] 169: clearDataBtn
INFO [2018-10-24 13:08:04] 67:load
INFO [2018-10-24 13:08:06] 159:loadDemoDataBtn
INFO [2018-10-24 13:08:06] 46:loadDemoData
INFO [2018-10-24 13:08:06] 61:init_factors 
INFO [2018-10-24 13:08:06] uniq_vals_description: white,black
INFO [2018-10-24 13:08:06] uniq_vals_description: DIST,PROX
INFO [2018-10-24 13:08:06] 85: EXIT init_factors
INFO [2018-10-24 13:08:06] 67:load
INFO [2018-10-24 13:08:44] 117: analysis render ui
INFO [2018-10-24 13:08:44] 120: analysis render ui: all data available
INFO [2018-10-24 13:08:44] analysis : plot ethnicity_all
INFO [2018-10-24 13:08:45] analysis : plot race
INFO [2018-10-24 13:12:00] 67:load
INFO [2018-10-24 13:12:01] 163:loadDemoDataBtn2
INFO [2018-10-24 13:12:01] 24:loadDemoData2
INFO [2018-10-24 13:12:01] 61:init_factors 
INFO [2018-10-24 13:12:01] uniq_vals_description: 1,2,3,4,5,6,9,10,11,12
INFO [2018-10-24 13:12:01] uniq_vals_description: 5248-1,5248-2,5278-1,5278-2,5285-1,5285-2,5294-1,5294-2,5301-1,5301-2
INFO [2018-10-24 13:12:01] uniq_vals_description: 5248,5278,5285,5294,5301
INFO [2018-10-24 13:12:01] uniq_vals_description: early,late
INFO [2018-10-24 13:12:01] uniq_vals_description: 0,1
INFO [2018-10-24 13:12:01] uniq_vals_description: Cau,Hisp
INFO [2018-10-24 13:12:01] uniq_vals_description: non-Hispanic,Hispanic
INFO [2018-10-24 13:12:01] uniq_vals_description: Caucasian
INFO [2018-10-24 13:12:01] uniq_vals_description: Caucasian,Hispanic
INFO [2018-10-24 13:12:01] uniq_vals_description: underweight/normal,overweight,obese
INFO [2018-10-24 13:12:01] uniq_vals_description: underweight/normal,overweight
INFO [2018-10-24 13:12:01] uniq_vals_description: underweight/normal,obese
INFO [2018-10-24 13:12:01] uniq_vals_description: 1,0,2+
INFO [2018-10-24 13:12:01] uniq_vals_description: one previous birth,no previous births
INFO [2018-10-24 13:12:01] uniq_vals_description: no previous births,two or more previous birth
INFO [2018-10-24 13:12:01] uniq_vals_description: inadequate weight gain,excessive weight gain
INFO [2018-10-24 13:12:01] 85: EXIT init_factors
INFO [2018-10-24 13:12:01] 67:load
INFO [2018-10-24 13:12:02] 117: analysis render ui
INFO [2018-10-24 13:12:02] 120: analysis render ui: all data available
INFO [2018-10-24 13:12:02] analysis : plot TreatmentGroup
INFO [2018-11-12 00:20:53] 40: model-testsPanel::tests - renderUI - TESTS
INFO [2018-11-12 00:20:55] 67:load
INFO [2018-11-12 00:20:56] 159:loadDemoDataBtn
INFO [2018-11-12 00:20:56] 46:loadDemoData
INFO [2018-11-12 00:20:57] 61:init_factors 
INFO [2018-11-12 00:20:57] uniq_vals_description: white,black
INFO [2018-11-12 00:20:57] uniq_vals_description: DIST,PROX
INFO [2018-11-12 00:20:57] 85: EXIT init_factors
INFO [2018-11-12 00:20:57] 67:load
INFO [2018-11-12 18:28:30] 67:load
INFO [2018-11-12 18:28:32] 159:loadDemoDataBtn
INFO [2018-11-12 18:28:32] 46:loadDemoData
INFO [2018-11-12 18:28:32] 61:init_factors 
INFO [2018-11-12 18:28:32] uniq_vals_description: white,black
INFO [2018-11-12 18:28:32] uniq_vals_description: DIST,PROX
INFO [2018-11-12 18:28:32] 85: EXIT init_factors
INFO [2018-11-12 18:28:32] 67:load
INFO [2018-11-12 18:28:39] 117: analysis render ui
INFO [2018-11-12 18:28:39] 120: analysis render ui: all data available
INFO [2018-11-12 18:28:40] analysis : plot race
INFO [2018-11-12 18:45:31] 67:load
INFO [2018-11-12 18:45:32] 159:loadDemoDataBtn
INFO [2018-11-12 18:45:32] 46:loadDemoData
INFO [2018-11-12 18:45:32] 61:init_factors 
INFO [2018-11-12 18:45:32] uniq_vals_description: white,black
INFO [2018-11-12 18:45:32] uniq_vals_description: DIST,PROX
INFO [2018-11-12 18:45:32] 85: EXIT init_factors
INFO [2018-11-12 18:45:32] 67:load
INFO [2018-11-12 18:45:36] 117: analysis render ui
INFO [2018-11-12 18:45:36] 120: analysis render ui: all data available
INFO [2018-11-12 18:45:37] analysis : plot race
INFO [2018-11-12 18:58:04] 67:load
INFO [2018-11-12 18:58:05] 159:loadDemoDataBtn
INFO [2018-11-12 18:58:05] 46:loadDemoData
INFO [2018-11-12 18:58:05] 61:init_factors 
INFO [2018-11-12 18:58:05] uniq_vals_description: white,black
INFO [2018-11-12 18:58:05] uniq_vals_description: DIST,PROX
INFO [2018-11-12 18:58:05] 85: EXIT init_factors
INFO [2018-11-12 18:58:05] 67:load
INFO [2018-11-12 18:58:07] 117: analysis render ui
INFO [2018-11-12 18:58:07] 120: analysis render ui: all data available
INFO [2018-11-12 18:58:07] analysis : origplot race
INFO [2018-11-12 18:59:23] 67:load
INFO [2018-11-12 18:59:24] 159:loadDemoDataBtn
INFO [2018-11-12 18:59:24] 46:loadDemoData
INFO [2018-11-12 18:59:24] 61:init_factors 
INFO [2018-11-12 18:59:24] uniq_vals_description: white,black
INFO [2018-11-12 18:59:24] uniq_vals_description: DIST,PROX
INFO [2018-11-12 18:59:24] 85: EXIT init_factors
INFO [2018-11-12 18:59:24] 67:load
INFO [2018-11-12 18:59:26] 117: analysis render ui
INFO [2018-11-12 18:59:26] 120: analysis render ui: all data available
INFO [2018-11-12 18:59:26] analysis : origplot race
INFO [2018-11-12 18:59:34] newplot: race None jsd
INFO [2018-11-12 18:59:40] analysis : origplot location
INFO [2018-11-12 18:59:45] 40: model-testsPanel::tests - renderUI - TESTS
INFO [2018-11-12 19:00:19] newplot: location location jsd
INFO [2018-11-12 19:00:25] newplot: location race jsd
INFO [2018-11-12 19:00:47] newplot: location race jsd
INFO [2018-11-12 19:01:08] newplot: location None jsd
INFO [2018-11-12 19:01:11] newplot: location race jsd
INFO [2018-11-12 19:01:43] newplot: location None jsd
INFO [2018-11-12 19:02:11] newplot: location race jsd
INFO [2018-11-12 19:03:08] newplot: location location jsd
INFO [2018-11-12 19:03:16] newplot: location None jsd
INFO [2018-11-12 19:03:19] newplot: location location jsd
INFO [2018-11-12 19:03:27] newplot: race location jsd
INFO [2018-11-12 19:03:29] newplot: race race jsd
INFO [2018-11-12 19:53:54] 67:load
INFO [2018-11-12 19:53:56] 163:loadDemoDataBtn2
INFO [2018-11-12 19:53:56] 24:loadDemoData2
INFO [2018-11-12 19:53:56] 61:init_factors 
INFO [2018-11-12 19:53:56] uniq_vals_description: 1,2,3,4,5,6,9,10,11,12
INFO [2018-11-12 19:53:56] uniq_vals_description: 5248-1,5248-2,5278-1,5278-2,5285-1,5285-2,5294-1,5294-2,5301-1,5301-2
INFO [2018-11-12 19:53:56] uniq_vals_description: 5248,5278,5285,5294,5301
INFO [2018-11-12 19:53:56] uniq_vals_description: early,late
INFO [2018-11-12 19:53:56] uniq_vals_description: 0,1
INFO [2018-11-12 19:53:56] uniq_vals_description: Cau,Hisp
INFO [2018-11-12 19:53:56] uniq_vals_description: non-Hispanic,Hispanic
INFO [2018-11-12 19:53:56] uniq_vals_description: Caucasian
INFO [2018-11-12 19:53:56] uniq_vals_description: Caucasian,Hispanic
INFO [2018-11-12 19:53:56] uniq_vals_description: underweight/normal,overweight,obese
INFO [2018-11-12 19:53:56] uniq_vals_description: underweight/normal,overweight
INFO [2018-11-12 19:53:56] uniq_vals_description: underweight/normal,obese
INFO [2018-11-12 19:53:56] uniq_vals_description: 1,0,2+
INFO [2018-11-12 19:53:56] uniq_vals_description: one previous birth,no previous births
INFO [2018-11-12 19:53:56] uniq_vals_description: no previous births,two or more previous birth
INFO [2018-11-12 19:53:56] uniq_vals_description: inadequate weight gain,excessive weight gain
INFO [2018-11-12 19:53:56] 85: EXIT init_factors
INFO [2018-11-12 19:53:56] 67:load
INFO [2018-11-12 19:53:58] 117: analysis render ui
INFO [2018-11-12 19:53:58] 120: analysis render ui: all data available
INFO [2018-11-12 19:53:58] analysis : origplot TreatmentGroup
INFO [2018-11-12 19:54:06] newplot: TreatmentGroup ethnicity_all jsd
INFO [2018-11-12 20:05:44] 67:load
INFO [2018-11-12 20:05:45] 163:loadDemoDataBtn2
INFO [2018-11-12 20:05:45] 24:loadDemoData2
INFO [2018-11-12 20:05:45] 61:init_factors 
INFO [2018-11-12 20:05:45] uniq_vals_description: 1,2,3,4,5,6,9,10,11,12
INFO [2018-11-12 20:05:45] uniq_vals_description: 5248-1,5248-2,5278-1,5278-2,5285-1,5285-2,5294-1,5294-2,5301-1,5301-2
INFO [2018-11-12 20:05:45] uniq_vals_description: 5248,5278,5285,5294,5301
INFO [2018-11-12 20:05:45] uniq_vals_description: early,late
INFO [2018-11-12 20:05:45] uniq_vals_description: 0,1
INFO [2018-11-12 20:05:45] uniq_vals_description: Cau,Hisp
INFO [2018-11-12 20:05:45] uniq_vals_description: non-Hispanic,Hispanic
INFO [2018-11-12 20:05:45] uniq_vals_description: Caucasian
INFO [2018-11-12 20:05:45] uniq_vals_description: Caucasian,Hispanic
INFO [2018-11-12 20:05:45] uniq_vals_description: underweight/normal,overweight,obese
INFO [2018-11-12 20:05:45] uniq_vals_description: underweight/normal,overweight
INFO [2018-11-12 20:05:45] uniq_vals_description: underweight/normal,obese
INFO [2018-11-12 20:05:45] uniq_vals_description: 1,0,2+
INFO [2018-11-12 20:05:45] uniq_vals_description: one previous birth,no previous births
INFO [2018-11-12 20:05:45] uniq_vals_description: no previous births,two or more previous birth
INFO [2018-11-12 20:05:45] uniq_vals_description: inadequate weight gain,excessive weight gain
INFO [2018-11-12 20:05:45] 85: EXIT init_factors
INFO [2018-11-12 20:05:45] 67:load
INFO [2018-11-12 20:05:46] 117: analysis render ui
INFO [2018-11-12 20:05:46] 120: analysis render ui: all data available
INFO [2018-11-12 20:05:46] analysis : origplot TreatmentGroup
INFO [2018-11-12 20:05:51] newplot: TreatmentGroup None jsd
INFO [2018-11-12 20:09:22] 67:load
INFO [2018-11-12 20:09:23] 163:loadDemoDataBtn2
INFO [2018-11-12 20:09:23] 24:loadDemoData2
INFO [2018-11-12 20:09:23] 61:init_factors 
INFO [2018-11-12 20:09:23] uniq_vals_description: 1,2,3,4,5,6,9,10,11,12
INFO [2018-11-12 20:09:23] uniq_vals_description: 5248-1,5248-2,5278-1,5278-2,5285-1,5285-2,5294-1,5294-2,5301-1,5301-2
INFO [2018-11-12 20:09:23] uniq_vals_description: 5248,5278,5285,5294,5301
INFO [2018-11-12 20:09:23] uniq_vals_description: early,late
INFO [2018-11-12 20:09:23] uniq_vals_description: 0,1
INFO [2018-11-12 20:09:23] uniq_vals_description: Cau,Hisp
INFO [2018-11-12 20:09:23] uniq_vals_description: non-Hispanic,Hispanic
INFO [2018-11-12 20:09:23] uniq_vals_description: Caucasian
INFO [2018-11-12 20:09:23] uniq_vals_description: Caucasian,Hispanic
INFO [2018-11-12 20:09:23] uniq_vals_description: underweight/normal,overweight,obese
INFO [2018-11-12 20:09:23] uniq_vals_description: underweight/normal,overweight
INFO [2018-11-12 20:09:23] uniq_vals_description: underweight/normal,obese
INFO [2018-11-12 20:09:23] uniq_vals_description: 1,0,2+
INFO [2018-11-12 20:09:23] uniq_vals_description: one previous birth,no previous births
INFO [2018-11-12 20:09:23] uniq_vals_description: no previous births,two or more previous birth
INFO [2018-11-12 20:09:23] uniq_vals_description: inadequate weight gain,excessive weight gain
INFO [2018-11-12 20:09:23] 85: EXIT init_factors
INFO [2018-11-12 20:09:23] 67:load
INFO [2018-11-12 20:09:24] 117: analysis render ui
INFO [2018-11-12 20:09:24] 120: analysis render ui: all data available
INFO [2018-11-12 20:09:25] analysis : origplot TreatmentGroup
INFO [2018-11-12 20:09:28] newplot: TreatmentGroup None jsd
INFO [2018-11-12 20:12:16] 67:load
INFO [2018-11-12 20:12:17] 163:loadDemoDataBtn2
INFO [2018-11-12 20:12:17] 24:loadDemoData2
INFO [2018-11-12 20:12:17] 61:init_factors 
INFO [2018-11-12 20:12:17] uniq_vals_description: 1,2,3,4,5,6,9,10,11,12
INFO [2018-11-12 20:12:17] uniq_vals_description: 5248-1,5248-2,5278-1,5278-2,5285-1,5285-2,5294-1,5294-2,5301-1,5301-2
INFO [2018-11-12 20:12:17] uniq_vals_description: 5248,5278,5285,5294,5301
INFO [2018-11-12 20:12:17] uniq_vals_description: early,late
INFO [2018-11-12 20:12:17] uniq_vals_description: 0,1
INFO [2018-11-12 20:12:17] uniq_vals_description: Cau,Hisp
INFO [2018-11-12 20:12:17] uniq_vals_description: non-Hispanic,Hispanic
INFO [2018-11-12 20:12:17] uniq_vals_description: Caucasian
INFO [2018-11-12 20:12:17] uniq_vals_description: Caucasian,Hispanic
INFO [2018-11-12 20:12:17] uniq_vals_description: underweight/normal,overweight,obese
INFO [2018-11-12 20:12:17] uniq_vals_description: underweight/normal,overweight
INFO [2018-11-12 20:12:17] uniq_vals_description: underweight/normal,obese
INFO [2018-11-12 20:12:17] uniq_vals_description: 1,0,2+
INFO [2018-11-12 20:12:17] uniq_vals_description: one previous birth,no previous births
INFO [2018-11-12 20:12:17] uniq_vals_description: no previous births,two or more previous birth
INFO [2018-11-12 20:12:17] uniq_vals_description: inadequate weight gain,excessive weight gain
INFO [2018-11-12 20:12:17] 85: EXIT init_factors
INFO [2018-11-12 20:12:17] 67:load
INFO [2018-11-12 20:12:19] 117: analysis render ui
INFO [2018-11-12 20:12:19] 120: analysis render ui: all data available
INFO [2018-11-12 20:12:19] analysis : origplot TreatmentGroup
INFO [2018-11-12 20:12:23] newplot: TreatmentGroup None jsd
INFO [2018-11-12 20:12:32] newplot: TreatmentGroup trimester3_1 jsd
INFO [2018-11-12 20:12:37] newplot: TreatmentGroup None jsd
INFO [2018-11-12 20:16:49] 67:load
INFO [2018-11-12 20:16:50] 163:loadDemoDataBtn2
INFO [2018-11-12 20:16:50] 24:loadDemoData2
INFO [2018-11-12 20:16:50] 61:init_factors 
INFO [2018-11-12 20:16:50] uniq_vals_description: 1,2,3,4,5,6,9,10,11,12
INFO [2018-11-12 20:16:50] uniq_vals_description: 5248-1,5248-2,5278-1,5278-2,5285-1,5285-2,5294-1,5294-2,5301-1,5301-2
INFO [2018-11-12 20:16:50] uniq_vals_description: 5248,5278,5285,5294,5301
INFO [2018-11-12 20:16:51] uniq_vals_description: early,late
INFO [2018-11-12 20:16:51] uniq_vals_description: 0,1
INFO [2018-11-12 20:16:51] uniq_vals_description: Cau,Hisp
INFO [2018-11-12 20:16:51] uniq_vals_description: non-Hispanic,Hispanic
INFO [2018-11-12 20:16:51] uniq_vals_description: Caucasian
INFO [2018-11-12 20:16:51] uniq_vals_description: Caucasian,Hispanic
INFO [2018-11-12 20:16:51] uniq_vals_description: underweight/normal,overweight,obese
INFO [2018-11-12 20:16:51] uniq_vals_description: underweight/normal,overweight
INFO [2018-11-12 20:16:51] uniq_vals_description: underweight/normal,obese
INFO [2018-11-12 20:16:51] uniq_vals_description: 1,0,2+
INFO [2018-11-12 20:16:51] uniq_vals_description: one previous birth,no previous births
INFO [2018-11-12 20:16:51] uniq_vals_description: no previous births,two or more previous birth
INFO [2018-11-12 20:16:51] uniq_vals_description: inadequate weight gain,excessive weight gain
INFO [2018-11-12 20:16:51] 85: EXIT init_factors
INFO [2018-11-12 20:16:51] 67:load
INFO [2018-11-12 20:16:52] 117: analysis render ui
INFO [2018-11-12 20:16:52] 120: analysis render ui: all data available
INFO [2018-11-12 20:16:52] analysis : origplot TreatmentGroup
INFO [2018-11-12 20:16:53] newplot: TreatmentGroup None jsd
INFO [2018-11-12 20:17:23] newplot: TreatmentGroup trimester3_1 jsd
INFO [2018-11-12 20:17:25] newplot: TreatmentGroup ethnicity_all jsd
INFO [2018-11-12 20:17:33] newplot: TreatmentGroup iom_weight jsd
INFO [2018-11-12 20:19:30] 67:load
INFO [2018-11-12 20:19:31] 163:loadDemoDataBtn2
INFO [2018-11-12 20:19:31] 24:loadDemoData2
INFO [2018-11-12 20:19:31] 61:init_factors 
INFO [2018-11-12 20:19:31] uniq_vals_description: 1,2,3,4,5,6,9,10,11,12
INFO [2018-11-12 20:19:31] uniq_vals_description: 5248-1,5248-2,5278-1,5278-2,5285-1,5285-2,5294-1,5294-2,5301-1,5301-2
INFO [2018-11-12 20:19:31] uniq_vals_description: 5248,5278,5285,5294,5301
INFO [2018-11-12 20:19:31] uniq_vals_description: early,late
INFO [2018-11-12 20:19:31] uniq_vals_description: 0,1
INFO [2018-11-12 20:19:31] uniq_vals_description: Cau,Hisp
INFO [2018-11-12 20:19:31] uniq_vals_description: non-Hispanic,Hispanic
INFO [2018-11-12 20:19:31] uniq_vals_description: Caucasian
INFO [2018-11-12 20:19:31] uniq_vals_description: Caucasian,Hispanic
INFO [2018-11-12 20:19:31] uniq_vals_description: underweight/normal,overweight,obese
INFO [2018-11-12 20:19:31] uniq_vals_description: underweight/normal,overweight
INFO [2018-11-12 20:19:31] uniq_vals_description: underweight/normal,obese
INFO [2018-11-12 20:19:31] uniq_vals_description: 1,0,2+
INFO [2018-11-12 20:19:31] uniq_vals_description: one previous birth,no previous births
INFO [2018-11-12 20:19:31] uniq_vals_description: no previous births,two or more previous birth
INFO [2018-11-12 20:19:31] uniq_vals_description: inadequate weight gain,excessive weight gain
INFO [2018-11-12 20:19:31] 85: EXIT init_factors
INFO [2018-11-12 20:19:31] 67:load
INFO [2018-11-12 20:19:33] 117: analysis render ui
INFO [2018-11-12 20:19:33] 120: analysis render ui: all data available
INFO [2018-11-12 20:19:33] analysis : origplot TreatmentGroup
INFO [2018-11-12 20:19:34] newplot: TreatmentGroup None jsd
INFO [2018-11-12 20:19:54] newplot: TreatmentGroup ethnicity_all jsd
INFO [2018-11-12 20:23:11] 117: analysis render ui
INFO [2018-11-12 20:23:11] analysis render ui: no data available
INFO [2018-11-12 20:23:12] 67:load
INFO [2018-11-12 20:23:13] 163:loadDemoDataBtn2
INFO [2018-11-12 20:23:13] 24:loadDemoData2
INFO [2018-11-12 20:23:13] 61:init_factors 
INFO [2018-11-12 20:23:13] uniq_vals_description: 1,2,3,4,5,6,9,10,11,12
INFO [2018-11-12 20:23:13] uniq_vals_description: 5248-1,5248-2,5278-1,5278-2,5285-1,5285-2,5294-1,5294-2,5301-1,5301-2
INFO [2018-11-12 20:23:13] uniq_vals_description: 5248,5278,5285,5294,5301
INFO [2018-11-12 20:23:13] uniq_vals_description: early,late
INFO [2018-11-12 20:23:13] uniq_vals_description: 0,1
INFO [2018-11-12 20:23:13] uniq_vals_description: Cau,Hisp
INFO [2018-11-12 20:23:13] uniq_vals_description: non-Hispanic,Hispanic
INFO [2018-11-12 20:23:13] uniq_vals_description: Caucasian
INFO [2018-11-12 20:23:13] uniq_vals_description: Caucasian,Hispanic
INFO [2018-11-12 20:23:13] uniq_vals_description: underweight/normal,overweight,obese
INFO [2018-11-12 20:23:13] uniq_vals_description: underweight/normal,overweight
INFO [2018-11-12 20:23:13] uniq_vals_description: underweight/normal,obese
INFO [2018-11-12 20:23:13] uniq_vals_description: 1,0,2+
INFO [2018-11-12 20:23:13] uniq_vals_description: one previous birth,no previous births
INFO [2018-11-12 20:23:13] uniq_vals_description: no previous births,two or more previous birth
INFO [2018-11-12 20:23:14] uniq_vals_description: inadequate weight gain,excessive weight gain
INFO [2018-11-12 20:23:14] 85: EXIT init_factors
INFO [2018-11-12 20:23:14] 67:load
INFO [2018-11-12 20:23:15] 117: analysis render ui
INFO [2018-11-12 20:23:15] 120: analysis render ui: all data available
INFO [2018-11-12 20:23:16] analysis : origplot TreatmentGroup
INFO [2018-11-12 20:23:16] newplot: TreatmentGroup None jsd
INFO [2018-11-12 20:23:25] newplot: TreatmentGroup ethnicity_all jsd
INFO [2018-11-12 20:23:27] newplot: TreatmentGroup trimester3_1 jsd
INFO [2018-11-12 20:23:32] newplot: TreatmentGroup iom_weight jsd
INFO [2018-11-12 20:25:42] 67:load
INFO [2018-11-12 20:25:43] 163:loadDemoDataBtn2
INFO [2018-11-12 20:25:43] 24:loadDemoData2
INFO [2018-11-12 20:25:43] 61:init_factors 
INFO [2018-11-12 20:25:43] uniq_vals_description: 1,2,3,4,5,6,9,10,11,12
INFO [2018-11-12 20:25:43] uniq_vals_description: 5248-1,5248-2,5278-1,5278-2,5285-1,5285-2,5294-1,5294-2,5301-1,5301-2
INFO [2018-11-12 20:25:43] uniq_vals_description: 5248,5278,5285,5294,5301
INFO [2018-11-12 20:25:43] uniq_vals_description: early,late
INFO [2018-11-12 20:25:43] uniq_vals_description: 0,1
INFO [2018-11-12 20:25:43] uniq_vals_description: Cau,Hisp
INFO [2018-11-12 20:25:43] uniq_vals_description: non-Hispanic,Hispanic
INFO [2018-11-12 20:25:43] uniq_vals_description: Caucasian
INFO [2018-11-12 20:25:43] uniq_vals_description: Caucasian,Hispanic
INFO [2018-11-12 20:25:43] uniq_vals_description: underweight/normal,overweight,obese
INFO [2018-11-12 20:25:43] uniq_vals_description: underweight/normal,overweight
INFO [2018-11-12 20:25:43] uniq_vals_description: underweight/normal,obese
INFO [2018-11-12 20:25:43] uniq_vals_description: 1,0,2+
INFO [2018-11-12 20:25:43] uniq_vals_description: one previous birth,no previous births
INFO [2018-11-12 20:25:43] uniq_vals_description: no previous births,two or more previous birth
INFO [2018-11-12 20:25:43] uniq_vals_description: inadequate weight gain,excessive weight gain
INFO [2018-11-12 20:25:43] 85: EXIT init_factors
INFO [2018-11-12 20:25:43] 67:load
INFO [2018-11-12 20:25:44] 117: analysis render ui
INFO [2018-11-12 20:25:44] 120: analysis render ui: all data available
INFO [2018-11-12 20:25:45] analysis : origplot TreatmentGroup
INFO [2018-11-12 20:25:45] newplot: TreatmentGroup None jsd
INFO [2018-11-12 20:25:48] newplot: TreatmentGroup trimester3_1 jsd
INFO [2018-11-12 20:25:51] newplot: TreatmentGroup ethnicity_all jsd
INFO [2018-11-12 20:26:24] newplot: TreatmentGroup None jsd
INFO [2018-11-12 20:28:46] 67:load
INFO [2018-11-12 20:28:47] 163:loadDemoDataBtn2
INFO [2018-11-12 20:28:47] 24:loadDemoData2
INFO [2018-11-12 20:28:47] 61:init_factors 
INFO [2018-11-12 20:28:47] uniq_vals_description: 1,2,3,4,5,6,9,10,11,12
INFO [2018-11-12 20:28:47] uniq_vals_description: 5248-1,5248-2,5278-1,5278-2,5285-1,5285-2,5294-1,5294-2,5301-1,5301-2
INFO [2018-11-12 20:28:47] uniq_vals_description: 5248,5278,5285,5294,5301
INFO [2018-11-12 20:28:47] uniq_vals_description: early,late
INFO [2018-11-12 20:28:47] uniq_vals_description: 0,1
INFO [2018-11-12 20:28:48] uniq_vals_description: Cau,Hisp
INFO [2018-11-12 20:28:48] uniq_vals_description: non-Hispanic,Hispanic
INFO [2018-11-12 20:28:48] uniq_vals_description: Caucasian
INFO [2018-11-12 20:28:48] uniq_vals_description: Caucasian,Hispanic
INFO [2018-11-12 20:28:48] uniq_vals_description: underweight/normal,overweight,obese
INFO [2018-11-12 20:28:48] uniq_vals_description: underweight/normal,overweight
INFO [2018-11-12 20:28:48] uniq_vals_description: underweight/normal,obese
INFO [2018-11-12 20:28:48] uniq_vals_description: 1,0,2+
INFO [2018-11-12 20:28:48] uniq_vals_description: one previous birth,no previous births
INFO [2018-11-12 20:28:48] uniq_vals_description: no previous births,two or more previous birth
INFO [2018-11-12 20:28:48] uniq_vals_description: inadequate weight gain,excessive weight gain
INFO [2018-11-12 20:28:48] 85: EXIT init_factors
INFO [2018-11-12 20:28:48] 67:load
INFO [2018-11-12 20:28:55] 117: analysis render ui
INFO [2018-11-12 20:28:55] 120: analysis render ui: all data available
INFO [2018-11-12 20:28:55] analysis : origplot TreatmentGroup
INFO [2018-11-12 20:28:56] newplot: TreatmentGroup None jsd
INFO [2018-11-12 20:29:26] newplot: TreatmentGroup trimester3_1 jsd
INFO [2018-11-12 20:29:28] newplot: TreatmentGroup ethnicity_all jsd
INFO [2018-11-12 20:29:36] newplot: TreatmentGroup TreatmentGroup jsd
INFO [2018-11-12 20:30:03] newplot: TreatmentGroup ethnicity_all jsd
INFO [2018-11-12 20:31:08] 67:load
INFO [2018-11-12 20:31:10] 163:loadDemoDataBtn2
INFO [2018-11-12 20:31:10] 24:loadDemoData2
INFO [2018-11-12 20:31:10] 61:init_factors 
INFO [2018-11-12 20:31:10] uniq_vals_description: 1,2,3,4,5,6,9,10,11,12
INFO [2018-11-12 20:31:10] uniq_vals_description: 5248-1,5248-2,5278-1,5278-2,5285-1,5285-2,5294-1,5294-2,5301-1,5301-2
INFO [2018-11-12 20:31:10] uniq_vals_description: 5248,5278,5285,5294,5301
INFO [2018-11-12 20:31:10] uniq_vals_description: early,late
INFO [2018-11-12 20:31:10] uniq_vals_description: 0,1
INFO [2018-11-12 20:31:10] uniq_vals_description: Cau,Hisp
INFO [2018-11-12 20:31:10] uniq_vals_description: non-Hispanic,Hispanic
INFO [2018-11-12 20:31:10] uniq_vals_description: Caucasian
INFO [2018-11-12 20:31:10] uniq_vals_description: Caucasian,Hispanic
INFO [2018-11-12 20:31:10] uniq_vals_description: underweight/normal,overweight,obese
INFO [2018-11-12 20:31:10] uniq_vals_description: underweight/normal,overweight
INFO [2018-11-12 20:31:10] uniq_vals_description: underweight/normal,obese
INFO [2018-11-12 20:31:10] uniq_vals_description: 1,0,2+
INFO [2018-11-12 20:31:10] uniq_vals_description: one previous birth,no previous births
INFO [2018-11-12 20:31:10] uniq_vals_description: no previous births,two or more previous birth
INFO [2018-11-12 20:31:10] uniq_vals_description: inadequate weight gain,excessive weight gain
INFO [2018-11-12 20:31:10] 85: EXIT init_factors
INFO [2018-11-12 20:31:10] 67:load
INFO [2018-11-12 20:31:11] 117: analysis render ui
INFO [2018-11-12 20:31:11] 120: analysis render ui: all data available
INFO [2018-11-12 20:31:11] analysis : origplot TreatmentGroup
INFO [2018-11-12 20:31:12] newplot: TreatmentGroup None jsd
INFO [2018-11-12 20:32:25] newplot: TreatmentGroup ethnicity_all jsd
INFO [2018-11-12 20:35:53] 67:load
INFO [2018-11-12 20:35:54] 163:loadDemoDataBtn2
INFO [2018-11-12 20:35:54] 24:loadDemoData2
INFO [2018-11-12 20:35:54] 61:init_factors 
INFO [2018-11-12 20:35:54] uniq_vals_description: 1,2,3,4,5,6,9,10,11,12
INFO [2018-11-12 20:35:54] uniq_vals_description: 5248-1,5248-2,5278-1,5278-2,5285-1,5285-2,5294-1,5294-2,5301-1,5301-2
INFO [2018-11-12 20:35:54] uniq_vals_description: 5248,5278,5285,5294,5301
INFO [2018-11-12 20:35:54] uniq_vals_description: early,late
INFO [2018-11-12 20:35:54] uniq_vals_description: 0,1
INFO [2018-11-12 20:35:54] uniq_vals_description: Cau,Hisp
INFO [2018-11-12 20:35:54] uniq_vals_description: non-Hispanic,Hispanic
INFO [2018-11-12 20:35:54] uniq_vals_description: Caucasian
INFO [2018-11-12 20:35:54] uniq_vals_description: Caucasian,Hispanic
INFO [2018-11-12 20:35:54] uniq_vals_description: underweight/normal,overweight,obese
INFO [2018-11-12 20:35:54] uniq_vals_description: underweight/normal,overweight
INFO [2018-11-12 20:35:54] uniq_vals_description: underweight/normal,obese
INFO [2018-11-12 20:35:54] uniq_vals_description: 1,0,2+
INFO [2018-11-12 20:35:54] uniq_vals_description: one previous birth,no previous births
INFO [2018-11-12 20:35:54] uniq_vals_description: no previous births,two or more previous birth
INFO [2018-11-12 20:35:54] uniq_vals_description: inadequate weight gain,excessive weight gain
INFO [2018-11-12 20:35:54] 85: EXIT init_factors
INFO [2018-11-12 20:35:54] 67:load
INFO [2018-11-12 20:35:55] 117: analysis render ui
INFO [2018-11-12 20:35:55] 120: analysis render ui: all data available
INFO [2018-11-12 20:35:56] analysis : origplot TreatmentGroup
INFO [2018-11-12 20:35:56] newplot: TreatmentGroup None jsd
INFO [2018-11-12 20:36:00] newplot: TreatmentGroup trimester3_1 jsd
INFO [2018-11-12 20:36:02] newplot: TreatmentGroup ethnicity_all jsd
INFO [2018-11-12 20:37:37] 67:load
INFO [2018-11-12 20:37:38] 163:loadDemoDataBtn2
INFO [2018-11-12 20:37:38] 24:loadDemoData2
INFO [2018-11-12 20:37:38] 61:init_factors 
INFO [2018-11-12 20:37:38] uniq_vals_description: 1,2,3,4,5,6,9,10,11,12
INFO [2018-11-12 20:37:38] uniq_vals_description: 5248-1,5248-2,5278-1,5278-2,5285-1,5285-2,5294-1,5294-2,5301-1,5301-2
INFO [2018-11-12 20:37:38] uniq_vals_description: 5248,5278,5285,5294,5301
INFO [2018-11-12 20:37:38] uniq_vals_description: early,late
INFO [2018-11-12 20:37:38] uniq_vals_description: 0,1
INFO [2018-11-12 20:37:38] uniq_vals_description: Cau,Hisp
INFO [2018-11-12 20:37:38] uniq_vals_description: non-Hispanic,Hispanic
INFO [2018-11-12 20:37:38] uniq_vals_description: Caucasian
INFO [2018-11-12 20:37:38] uniq_vals_description: Caucasian,Hispanic
INFO [2018-11-12 20:37:38] uniq_vals_description: underweight/normal,overweight,obese
INFO [2018-11-12 20:37:38] uniq_vals_description: underweight/normal,overweight
INFO [2018-11-12 20:37:38] uniq_vals_description: underweight/normal,obese
INFO [2018-11-12 20:37:38] uniq_vals_description: 1,0,2+
INFO [2018-11-12 20:37:38] uniq_vals_description: one previous birth,no previous births
INFO [2018-11-12 20:37:38] uniq_vals_description: no previous births,two or more previous birth
INFO [2018-11-12 20:37:38] uniq_vals_description: inadequate weight gain,excessive weight gain
INFO [2018-11-12 20:37:38] 85: EXIT init_factors
INFO [2018-11-12 20:37:38] 67:load
INFO [2018-11-12 20:37:40] 117: analysis render ui
INFO [2018-11-12 20:37:40] 120: analysis render ui: all data available
INFO [2018-11-12 20:37:40] analysis : origplot TreatmentGroup
INFO [2018-11-12 20:37:41] newplot: TreatmentGroup None jsd
INFO [2018-11-12 20:38:01] newplot: TreatmentGroup ethnicity_all jsd
INFO [2018-11-12 20:38:05] newplot: TreatmentGroup None jsd
INFO [2018-11-12 20:41:16] 67:load
INFO [2018-11-12 20:41:18] 163:loadDemoDataBtn2
INFO [2018-11-12 20:41:18] 24:loadDemoData2
INFO [2018-11-12 20:41:18] 61:init_factors 
INFO [2018-11-12 20:41:18] uniq_vals_description: 1,2,3,4,5,6,9,10,11,12
INFO [2018-11-12 20:41:18] uniq_vals_description: 5248-1,5248-2,5278-1,5278-2,5285-1,5285-2,5294-1,5294-2,5301-1,5301-2
INFO [2018-11-12 20:41:18] uniq_vals_description: 5248,5278,5285,5294,5301
INFO [2018-11-12 20:41:18] uniq_vals_description: early,late
INFO [2018-11-12 20:41:18] uniq_vals_description: 0,1
INFO [2018-11-12 20:41:18] uniq_vals_description: Cau,Hisp
INFO [2018-11-12 20:41:18] uniq_vals_description: non-Hispanic,Hispanic
INFO [2018-11-12 20:41:18] uniq_vals_description: Caucasian
INFO [2018-11-12 20:41:18] uniq_vals_description: Caucasian,Hispanic
INFO [2018-11-12 20:41:18] uniq_vals_description: underweight/normal,overweight,obese
INFO [2018-11-12 20:41:18] uniq_vals_description: underweight/normal,overweight
INFO [2018-11-12 20:41:18] uniq_vals_description: underweight/normal,obese
INFO [2018-11-12 20:41:18] uniq_vals_description: 1,0,2+
INFO [2018-11-12 20:41:18] uniq_vals_description: one previous birth,no previous births
INFO [2018-11-12 20:41:18] uniq_vals_description: no previous births,two or more previous birth
INFO [2018-11-12 20:41:18] uniq_vals_description: inadequate weight gain,excessive weight gain
INFO [2018-11-12 20:41:18] 85: EXIT init_factors
INFO [2018-11-12 20:41:18] 67:load
INFO [2018-11-12 20:41:21] 117: analysis render ui
INFO [2018-11-12 20:41:21] 120: analysis render ui: all data available
INFO [2018-11-12 20:41:21] analysis : origplot TreatmentGroup
INFO [2018-11-12 20:41:21] newplot: TreatmentGroup None jsd
INFO [2018-11-12 20:42:39] 67:load
INFO [2018-11-12 20:42:40] 163:loadDemoDataBtn2
INFO [2018-11-12 20:42:40] 24:loadDemoData2
INFO [2018-11-12 20:42:40] 61:init_factors 
INFO [2018-11-12 20:42:40] uniq_vals_description: 1,2,3,4,5,6,9,10,11,12
INFO [2018-11-12 20:42:40] uniq_vals_description: 5248-1,5248-2,5278-1,5278-2,5285-1,5285-2,5294-1,5294-2,5301-1,5301-2
INFO [2018-11-12 20:42:40] uniq_vals_description: 5248,5278,5285,5294,5301
INFO [2018-11-12 20:42:40] uniq_vals_description: early,late
INFO [2018-11-12 20:42:40] uniq_vals_description: 0,1
INFO [2018-11-12 20:42:40] uniq_vals_description: Cau,Hisp
INFO [2018-11-12 20:42:40] uniq_vals_description: non-Hispanic,Hispanic
INFO [2018-11-12 20:42:40] uniq_vals_description: Caucasian
INFO [2018-11-12 20:42:40] uniq_vals_description: Caucasian,Hispanic
INFO [2018-11-12 20:42:40] uniq_vals_description: underweight/normal,overweight,obese
INFO [2018-11-12 20:42:40] uniq_vals_description: underweight/normal,overweight
INFO [2018-11-12 20:42:40] uniq_vals_description: underweight/normal,obese
INFO [2018-11-12 20:42:40] uniq_vals_description: 1,0,2+
INFO [2018-11-12 20:42:40] uniq_vals_description: one previous birth,no previous births
INFO [2018-11-12 20:42:40] uniq_vals_description: no previous births,two or more previous birth
INFO [2018-11-12 20:42:40] uniq_vals_description: inadequate weight gain,excessive weight gain
INFO [2018-11-12 20:42:40] 85: EXIT init_factors
INFO [2018-11-12 20:42:40] 67:load
INFO [2018-11-12 20:42:55] 117: analysis render ui
INFO [2018-11-12 20:42:55] 120: analysis render ui: all data available
INFO [2018-11-12 20:42:55] analysis : origplot TreatmentGroup
INFO [2018-11-12 20:42:56] newplot: TreatmentGroup None jsd
INFO [2018-11-12 20:43:08] newplot: TreatmentGroup ethnicity_all jsd
INFO [2018-11-12 20:43:15] newplot: TreatmentGroup TreatmentGroup jsd
INFO [2018-11-12 20:43:30] newplot: TreatmentGroup ethnicity_all jsd
INFO [2018-11-12 20:43:32] newplot: TreatmentGroup None jsd
INFO [2018-11-12 20:43:44] 40: model-testsPanel::tests - renderUI - TESTS
INFO [2018-11-12 20:43:52] 40: model-testsPanel::tests - renderUI - TESTS
INFO [2018-11-12 20:43:54] Running tests: 1
INFO [2018-11-12 20:43:55] results: 1
INFO [2018-11-12 20:43:55] 1
INFO [2018-11-12 20:43:55] jsd
INFO [2018-11-12 20:43:55] None
INFO [2018-11-12 20:43:55] TreatmentGroup
INFO [2018-11-12 20:43:55] 0.923
INFO [2018-11-12 20:43:55] 999
INFO [2018-11-12 20:43:55] 0.356378950983705
INFO [2018-11-12 20:43:55] SUCCESS
INFO [2018-11-12 20:43:55] 40: model-testsPanel::tests - renderUI - TESTS
INFO [2018-11-12 20:46:48] newplot: TreatmentGroup trimester3_1 jsd
INFO [2018-11-12 20:46:51] newplot: TreatmentGroup ethnicity_CaucVSAA jsd
INFO [2018-11-12 20:46:55] newplot: TreatmentGroup iom_weight jsd
INFO [2018-11-12 20:47:58] 67:load
INFO [2018-11-12 20:47:59] 163:loadDemoDataBtn2
INFO [2018-11-12 20:48:00] 24:loadDemoData2
INFO [2018-11-12 20:48:00] 61:init_factors 
INFO [2018-11-12 20:48:00] uniq_vals_description: 1,2,3,4,5,6,9,10,11,12
INFO [2018-11-12 20:48:00] uniq_vals_description: 5248-1,5248-2,5278-1,5278-2,5285-1,5285-2,5294-1,5294-2,5301-1,5301-2
INFO [2018-11-12 20:48:00] uniq_vals_description: 5248,5278,5285,5294,5301
INFO [2018-11-12 20:48:00] uniq_vals_description: early,late
INFO [2018-11-12 20:48:00] uniq_vals_description: 0,1
INFO [2018-11-12 20:48:00] uniq_vals_description: Cau,Hisp
INFO [2018-11-12 20:48:00] uniq_vals_description: non-Hispanic,Hispanic
INFO [2018-11-12 20:48:00] uniq_vals_description: Caucasian
INFO [2018-11-12 20:48:00] uniq_vals_description: Caucasian,Hispanic
INFO [2018-11-12 20:48:00] uniq_vals_description: underweight/normal,overweight,obese
INFO [2018-11-12 20:48:00] uniq_vals_description: underweight/normal,overweight
INFO [2018-11-12 20:48:00] uniq_vals_description: underweight/normal,obese
INFO [2018-11-12 20:48:00] uniq_vals_description: 1,0,2+
INFO [2018-11-12 20:48:00] uniq_vals_description: one previous birth,no previous births
INFO [2018-11-12 20:48:00] uniq_vals_description: no previous births,two or more previous birth
INFO [2018-11-12 20:48:00] uniq_vals_description: inadequate weight gain,excessive weight gain
INFO [2018-11-12 20:48:00] 85: EXIT init_factors
INFO [2018-11-12 20:48:00] 67:load
INFO [2018-11-12 20:48:04] 117: analysis render ui
INFO [2018-11-12 20:48:04] 120: analysis render ui: all data available
INFO [2018-11-12 20:48:04] analysis : origplot TreatmentGroup
INFO [2018-11-12 20:48:05] newplot: TreatmentGroup None jsd
INFO [2018-11-12 20:48:08] newplot: TreatmentGroup trimester3_1 jsd
INFO [2018-11-12 20:48:12] newplot: TreatmentGroup TreatmentGroup jsd
INFO [2018-11-12 20:49:17] 67:load
INFO [2018-11-12 20:49:18] 163:loadDemoDataBtn2
INFO [2018-11-12 20:49:18] 24:loadDemoData2
INFO [2018-11-12 20:49:18] 61:init_factors 
INFO [2018-11-12 20:49:18] uniq_vals_description: 1,2,3,4,5,6,9,10,11,12
INFO [2018-11-12 20:49:18] uniq_vals_description: 5248-1,5248-2,5278-1,5278-2,5285-1,5285-2,5294-1,5294-2,5301-1,5301-2
INFO [2018-11-12 20:49:18] uniq_vals_description: 5248,5278,5285,5294,5301
INFO [2018-11-12 20:49:18] uniq_vals_description: early,late
INFO [2018-11-12 20:49:18] uniq_vals_description: 0,1
INFO [2018-11-12 20:49:18] uniq_vals_description: Cau,Hisp
INFO [2018-11-12 20:49:18] uniq_vals_description: non-Hispanic,Hispanic
INFO [2018-11-12 20:49:18] uniq_vals_description: Caucasian
INFO [2018-11-12 20:49:18] uniq_vals_description: Caucasian,Hispanic
INFO [2018-11-12 20:49:18] uniq_vals_description: underweight/normal,overweight,obese
INFO [2018-11-12 20:49:18] uniq_vals_description: underweight/normal,overweight
INFO [2018-11-12 20:49:18] uniq_vals_description: underweight/normal,obese
INFO [2018-11-12 20:49:18] uniq_vals_description: 1,0,2+
INFO [2018-11-12 20:49:18] uniq_vals_description: one previous birth,no previous births
INFO [2018-11-12 20:49:18] uniq_vals_description: no previous births,two or more previous birth
INFO [2018-11-12 20:49:18] uniq_vals_description: inadequate weight gain,excessive weight gain
INFO [2018-11-12 20:49:18] 85: EXIT init_factors
INFO [2018-11-12 20:49:18] 67:load
INFO [2018-11-12 20:49:20] 117: analysis render ui
INFO [2018-11-12 20:49:20] 120: analysis render ui: all data available
INFO [2018-11-12 20:49:20] analysis : origplot TreatmentGroup
INFO [2018-11-12 20:49:20] newplot: TreatmentGroup None jsd
INFO [2018-11-12 20:49:25] newplot: TreatmentGroup TreatmentGroup jsd
INFO [2018-11-12 20:49:35] newplot: TreatmentGroup ethnicity_CaucVSHisp jsd
INFO [2018-11-12 20:49:37] newplot: TreatmentGroup iom_weight jsd
INFO [2018-11-12 20:55:28] 67:load
INFO [2018-11-12 20:55:29] 163:loadDemoDataBtn2
INFO [2018-11-12 20:55:29] 24:loadDemoData2
INFO [2018-11-12 20:55:29] 61:init_factors 
INFO [2018-11-12 20:55:29] uniq_vals_description: 1,2,3,4,5,6,9,10,11,12
INFO [2018-11-12 20:55:30] uniq_vals_description: 5248-1,5248-2,5278-1,5278-2,5285-1,5285-2,5294-1,5294-2,5301-1,5301-2
INFO [2018-11-12 20:55:30] uniq_vals_description: 5248,5278,5285,5294,5301
INFO [2018-11-12 20:55:30] uniq_vals_description: early,late
INFO [2018-11-12 20:55:30] uniq_vals_description: 0,1
INFO [2018-11-12 20:55:30] uniq_vals_description: Cau,Hisp
INFO [2018-11-12 20:55:30] uniq_vals_description: non-Hispanic,Hispanic
INFO [2018-11-12 20:55:30] uniq_vals_description: Caucasian
INFO [2018-11-12 20:55:30] uniq_vals_description: Caucasian,Hispanic
INFO [2018-11-12 20:55:30] uniq_vals_description: underweight/normal,overweight,obese
INFO [2018-11-12 20:55:30] uniq_vals_description: underweight/normal,overweight
INFO [2018-11-12 20:55:30] uniq_vals_description: underweight/normal,obese
INFO [2018-11-12 20:55:30] uniq_vals_description: 1,0,2+
INFO [2018-11-12 20:55:30] uniq_vals_description: one previous birth,no previous births
INFO [2018-11-12 20:55:30] uniq_vals_description: no previous births,two or more previous birth
INFO [2018-11-12 20:55:30] uniq_vals_description: inadequate weight gain,excessive weight gain
INFO [2018-11-12 20:55:30] 85: EXIT init_factors
INFO [2018-11-12 20:55:30] 67:load
INFO [2018-11-12 20:55:31] 117: analysis render ui
INFO [2018-11-12 20:55:31] 120: analysis render ui: all data available
INFO [2018-11-12 20:55:31] analysis : origplot TreatmentGroup
INFO [2018-11-12 20:55:32] newplot: TreatmentGroup None jsd
INFO [2018-11-12 20:55:37] newplot: TreatmentGroup trimester3_1 jsd
INFO [2018-11-12 20:55:39] newplot: TreatmentGroup ethnicity_all jsd
INFO [2018-11-12 20:56:01] 40: model-testsPanel::tests - renderUI - TESTS
INFO [2018-11-13 07:52:12] 67:load
INFO [2018-11-13 07:52:14] 163:loadDemoDataBtn2
INFO [2018-11-13 07:52:14] 24:loadDemoData2
INFO [2018-11-13 07:52:14] 61:init_factors 
INFO [2018-11-13 07:52:14] uniq_vals_description: 1,2,3,4,5,6,9,10,11,12
INFO [2018-11-13 07:52:14] uniq_vals_description: 5248-1,5248-2,5278-1,5278-2,5285-1,5285-2,5294-1,5294-2,5301-1,5301-2
INFO [2018-11-13 07:52:14] uniq_vals_description: 5248,5278,5285,5294,5301
INFO [2018-11-13 07:52:14] uniq_vals_description: early,late
INFO [2018-11-13 07:52:14] uniq_vals_description: 0,1
INFO [2018-11-13 07:52:14] uniq_vals_description: Cau,Hisp
INFO [2018-11-13 07:52:14] uniq_vals_description: non-Hispanic,Hispanic
INFO [2018-11-13 07:52:14] uniq_vals_description: Caucasian
INFO [2018-11-13 07:52:14] uniq_vals_description: Caucasian,Hispanic
INFO [2018-11-13 07:52:14] uniq_vals_description: underweight/normal,overweight,obese
INFO [2018-11-13 07:52:14] uniq_vals_description: underweight/normal,overweight
INFO [2018-11-13 07:52:14] uniq_vals_description: underweight/normal,obese
INFO [2018-11-13 07:52:14] uniq_vals_description: 1,0,2+
INFO [2018-11-13 07:52:14] uniq_vals_description: one previous birth,no previous births
INFO [2018-11-13 07:52:14] uniq_vals_description: no previous births,two or more previous birth
INFO [2018-11-13 07:52:14] uniq_vals_description: inadequate weight gain,excessive weight gain
INFO [2018-11-13 07:52:14] 85: EXIT init_factors
INFO [2018-11-13 07:52:14] 67:load
INFO [2018-11-13 07:52:16] 117: analysis render ui
INFO [2018-11-13 07:52:16] 120: analysis render ui: all data available
INFO [2018-11-13 07:52:16] analysis : origplot TreatmentGroup
INFO [2018-11-13 07:52:17] newplot: TreatmentGroup None jsd
INFO [2018-11-13 07:52:23] newplot: TreatmentGroup TreatmentGroup jsd
INFO [2018-11-13 07:53:20] 67:load
INFO [2018-11-13 07:53:21] 163:loadDemoDataBtn2
INFO [2018-11-13 07:53:21] 24:loadDemoData2
INFO [2018-11-13 07:53:21] 61:init_factors 
INFO [2018-11-13 07:53:21] uniq_vals_description: 1,2,3,4,5,6,9,10,11,12
INFO [2018-11-13 07:53:22] uniq_vals_description: 5248-1,5248-2,5278-1,5278-2,5285-1,5285-2,5294-1,5294-2,5301-1,5301-2
INFO [2018-11-13 07:53:22] uniq_vals_description: 5248,5278,5285,5294,5301
INFO [2018-11-13 07:53:22] uniq_vals_description: early,late
INFO [2018-11-13 07:53:22] uniq_vals_description: 0,1
INFO [2018-11-13 07:53:22] uniq_vals_description: Cau,Hisp
INFO [2018-11-13 07:53:22] uniq_vals_description: non-Hispanic,Hispanic
INFO [2018-11-13 07:53:22] uniq_vals_description: Caucasian
INFO [2018-11-13 07:53:22] uniq_vals_description: Caucasian,Hispanic
INFO [2018-11-13 07:53:22] uniq_vals_description: underweight/normal,overweight,obese
INFO [2018-11-13 07:53:22] uniq_vals_description: underweight/normal,overweight
INFO [2018-11-13 07:53:22] uniq_vals_description: underweight/normal,obese
INFO [2018-11-13 07:53:22] uniq_vals_description: 1,0,2+
INFO [2018-11-13 07:53:22] uniq_vals_description: one previous birth,no previous births
INFO [2018-11-13 07:53:22] uniq_vals_description: no previous births,two or more previous birth
INFO [2018-11-13 07:53:22] uniq_vals_description: inadequate weight gain,excessive weight gain
INFO [2018-11-13 07:53:22] 85: EXIT init_factors
INFO [2018-11-13 07:53:22] 67:load
INFO [2018-11-13 07:53:23] 117: analysis render ui
INFO [2018-11-13 07:53:23] 120: analysis render ui: all data available
INFO [2018-11-13 07:53:23] analysis : origplot TreatmentGroup
INFO [2018-11-13 07:53:24] newplot: TreatmentGroup None jsd
INFO [2018-11-13 07:59:44] 67:load
INFO [2018-11-13 07:59:45] 163:loadDemoDataBtn2
INFO [2018-11-13 07:59:45] 24:loadDemoData2
INFO [2018-11-13 07:59:45] 61:init_factors 
INFO [2018-11-13 07:59:45] uniq_vals_description: 1,2,3,4,5,6,9,10,11,12
INFO [2018-11-13 07:59:45] uniq_vals_description: 5248-1,5248-2,5278-1,5278-2,5285-1,5285-2,5294-1,5294-2,5301-1,5301-2
INFO [2018-11-13 07:59:45] uniq_vals_description: 5248,5278,5285,5294,5301
INFO [2018-11-13 07:59:45] uniq_vals_description: early,late
INFO [2018-11-13 07:59:45] uniq_vals_description: 0,1
INFO [2018-11-13 07:59:45] uniq_vals_description: Cau,Hisp
INFO [2018-11-13 07:59:45] uniq_vals_description: non-Hispanic,Hispanic
INFO [2018-11-13 07:59:45] uniq_vals_description: Caucasian
INFO [2018-11-13 07:59:45] uniq_vals_description: Caucasian,Hispanic
INFO [2018-11-13 07:59:45] uniq_vals_description: underweight/normal,overweight,obese
INFO [2018-11-13 07:59:45] uniq_vals_description: underweight/normal,overweight
INFO [2018-11-13 07:59:45] uniq_vals_description: underweight/normal,obese
INFO [2018-11-13 07:59:45] uniq_vals_description: 1,0,2+
INFO [2018-11-13 07:59:45] uniq_vals_description: one previous birth,no previous births
INFO [2018-11-13 07:59:45] uniq_vals_description: no previous births,two or more previous birth
INFO [2018-11-13 07:59:45] uniq_vals_description: inadequate weight gain,excessive weight gain
INFO [2018-11-13 07:59:45] 85: EXIT init_factors
INFO [2018-11-13 07:59:45] 67:load
INFO [2018-11-13 07:59:46] 117: analysis render ui
INFO [2018-11-13 07:59:46] 120: analysis render ui: all data available
INFO [2018-11-13 07:59:47] analysis : origplot TreatmentGroup
INFO [2018-11-13 07:59:47] newplot: TreatmentGroup None jsd
INFO [2018-11-13 07:59:52] newplot: TreatmentGroup trimester3_1 jsd
INFO [2018-11-13 07:59:54] newplot: TreatmentGroup ethnicity_all jsd
INFO [2018-11-13 08:00:35] 67:load
INFO [2018-11-13 08:00:36] 163:loadDemoDataBtn2
INFO [2018-11-13 08:00:36] 24:loadDemoData2
INFO [2018-11-13 08:00:36] 61:init_factors 
INFO [2018-11-13 08:00:36] uniq_vals_description: 1,2,3,4,5,6,9,10,11,12
INFO [2018-11-13 08:00:36] uniq_vals_description: 5248-1,5248-2,5278-1,5278-2,5285-1,5285-2,5294-1,5294-2,5301-1,5301-2
INFO [2018-11-13 08:00:36] uniq_vals_description: 5248,5278,5285,5294,5301
INFO [2018-11-13 08:00:36] uniq_vals_description: early,late
INFO [2018-11-13 08:00:36] uniq_vals_description: 0,1
INFO [2018-11-13 08:00:36] uniq_vals_description: Cau,Hisp
INFO [2018-11-13 08:00:36] uniq_vals_description: non-Hispanic,Hispanic
INFO [2018-11-13 08:00:36] uniq_vals_description: Caucasian
INFO [2018-11-13 08:00:36] uniq_vals_description: Caucasian,Hispanic
INFO [2018-11-13 08:00:36] uniq_vals_description: underweight/normal,overweight,obese
INFO [2018-11-13 08:00:36] uniq_vals_description: underweight/normal,overweight
INFO [2018-11-13 08:00:36] uniq_vals_description: underweight/normal,obese
INFO [2018-11-13 08:00:36] uniq_vals_description: 1,0,2+
INFO [2018-11-13 08:00:36] uniq_vals_description: one previous birth,no previous births
INFO [2018-11-13 08:00:36] uniq_vals_description: no previous births,two or more previous birth
INFO [2018-11-13 08:00:36] uniq_vals_description: inadequate weight gain,excessive weight gain
INFO [2018-11-13 08:00:36] 85: EXIT init_factors
INFO [2018-11-13 08:00:36] 67:load
INFO [2018-11-13 08:00:38] 117: analysis render ui
INFO [2018-11-13 08:00:38] 120: analysis render ui: all data available
INFO [2018-11-13 08:00:38] analysis : origplot TreatmentGroup
INFO [2018-11-13 08:00:39] newplot: TreatmentGroup None jsd
INFO [2018-11-13 08:02:27] 67:load
INFO [2018-11-13 08:02:28] 163:loadDemoDataBtn2
INFO [2018-11-13 08:02:28] 24:loadDemoData2
INFO [2018-11-13 08:02:28] 61:init_factors 
INFO [2018-11-13 08:02:28] uniq_vals_description: 1,2,3,4,5,6,9,10,11,12
INFO [2018-11-13 08:02:28] uniq_vals_description: 5248-1,5248-2,5278-1,5278-2,5285-1,5285-2,5294-1,5294-2,5301-1,5301-2
INFO [2018-11-13 08:02:28] uniq_vals_description: 5248,5278,5285,5294,5301
INFO [2018-11-13 08:02:28] uniq_vals_description: early,late
INFO [2018-11-13 08:02:28] uniq_vals_description: 0,1
INFO [2018-11-13 08:02:28] uniq_vals_description: Cau,Hisp
INFO [2018-11-13 08:02:28] uniq_vals_description: non-Hispanic,Hispanic
INFO [2018-11-13 08:02:28] uniq_vals_description: Caucasian
INFO [2018-11-13 08:02:28] uniq_vals_description: Caucasian,Hispanic
INFO [2018-11-13 08:02:28] uniq_vals_description: underweight/normal,overweight,obese
INFO [2018-11-13 08:02:28] uniq_vals_description: underweight/normal,overweight
INFO [2018-11-13 08:02:28] uniq_vals_description: underweight/normal,obese
INFO [2018-11-13 08:02:28] uniq_vals_description: 1,0,2+
INFO [2018-11-13 08:02:29] uniq_vals_description: one previous birth,no previous births
INFO [2018-11-13 08:02:29] uniq_vals_description: no previous births,two or more previous birth
INFO [2018-11-13 08:02:29] uniq_vals_description: inadequate weight gain,excessive weight gain
INFO [2018-11-13 08:02:29] 85: EXIT init_factors
INFO [2018-11-13 08:02:29] 67:load
INFO [2018-11-13 08:02:30] 117: analysis render ui
INFO [2018-11-13 08:02:30] 120: analysis render ui: all data available
INFO [2018-11-13 08:02:30] analysis : origplot TreatmentGroup
INFO [2018-11-13 08:02:31] newplot: TreatmentGroup None jsd
INFO [2018-11-13 08:03:43] 67:load
INFO [2018-11-13 08:03:44] 163:loadDemoDataBtn2
INFO [2018-11-13 08:03:44] 24:loadDemoData2
INFO [2018-11-13 08:03:44] 61:init_factors 
INFO [2018-11-13 08:03:44] uniq_vals_description: 1,2,3,4,5,6,9,10,11,12
INFO [2018-11-13 08:03:44] uniq_vals_description: 5248-1,5248-2,5278-1,5278-2,5285-1,5285-2,5294-1,5294-2,5301-1,5301-2
INFO [2018-11-13 08:03:44] uniq_vals_description: 5248,5278,5285,5294,5301
INFO [2018-11-13 08:03:44] uniq_vals_description: early,late
INFO [2018-11-13 08:03:44] uniq_vals_description: 0,1
INFO [2018-11-13 08:03:44] uniq_vals_description: Cau,Hisp
INFO [2018-11-13 08:03:44] uniq_vals_description: non-Hispanic,Hispanic
INFO [2018-11-13 08:03:44] uniq_vals_description: Caucasian
INFO [2018-11-13 08:03:44] uniq_vals_description: Caucasian,Hispanic
INFO [2018-11-13 08:03:44] uniq_vals_description: underweight/normal,overweight,obese
INFO [2018-11-13 08:03:44] uniq_vals_description: underweight/normal,overweight
INFO [2018-11-13 08:03:44] uniq_vals_description: underweight/normal,obese
INFO [2018-11-13 08:03:44] uniq_vals_description: 1,0,2+
INFO [2018-11-13 08:03:44] uniq_vals_description: one previous birth,no previous births
INFO [2018-11-13 08:03:44] uniq_vals_description: no previous births,two or more previous birth
INFO [2018-11-13 08:03:44] uniq_vals_description: inadequate weight gain,excessive weight gain
INFO [2018-11-13 08:03:44] 85: EXIT init_factors
INFO [2018-11-13 08:03:44] 67:load
INFO [2018-11-13 08:03:45] 117: analysis render ui
INFO [2018-11-13 08:03:45] 120: analysis render ui: all data available
INFO [2018-11-13 08:03:45] analysis : origplot TreatmentGroup
INFO [2018-11-13 08:03:46] newplot: TreatmentGroup None jsd
INFO [2018-11-13 08:04:25] 67:load
INFO [2018-11-13 08:04:26] 163:loadDemoDataBtn2
INFO [2018-11-13 08:04:26] 24:loadDemoData2
INFO [2018-11-13 08:04:26] 61:init_factors 
INFO [2018-11-13 08:04:26] uniq_vals_description: 1,2,3,4,5,6,9,10,11,12
INFO [2018-11-13 08:04:26] uniq_vals_description: 5248-1,5248-2,5278-1,5278-2,5285-1,5285-2,5294-1,5294-2,5301-1,5301-2
INFO [2018-11-13 08:04:26] uniq_vals_description: 5248,5278,5285,5294,5301
INFO [2018-11-13 08:04:26] uniq_vals_description: early,late
INFO [2018-11-13 08:04:26] uniq_vals_description: 0,1
INFO [2018-11-13 08:04:26] uniq_vals_description: Cau,Hisp
INFO [2018-11-13 08:04:26] uniq_vals_description: non-Hispanic,Hispanic
INFO [2018-11-13 08:04:26] uniq_vals_description: Caucasian
INFO [2018-11-13 08:04:26] uniq_vals_description: Caucasian,Hispanic
INFO [2018-11-13 08:04:26] uniq_vals_description: underweight/normal,overweight,obese
INFO [2018-11-13 08:04:26] uniq_vals_description: underweight/normal,overweight
INFO [2018-11-13 08:04:26] uniq_vals_description: underweight/normal,obese
INFO [2018-11-13 08:04:26] uniq_vals_description: 1,0,2+
INFO [2018-11-13 08:04:26] uniq_vals_description: one previous birth,no previous births
INFO [2018-11-13 08:04:26] uniq_vals_description: no previous births,two or more previous birth
INFO [2018-11-13 08:04:26] uniq_vals_description: inadequate weight gain,excessive weight gain
INFO [2018-11-13 08:04:26] 85: EXIT init_factors
INFO [2018-11-13 08:04:26] 67:load
INFO [2018-11-13 08:04:27] 117: analysis render ui
INFO [2018-11-13 08:04:27] 120: analysis render ui: all data available
INFO [2018-11-13 08:04:27] analysis : origplot TreatmentGroup
INFO [2018-11-13 08:04:28] newplot: TreatmentGroup None jsd
INFO [2018-11-13 08:09:08] 67:load
INFO [2018-11-13 08:09:09] 163:loadDemoDataBtn2
INFO [2018-11-13 08:09:09] 24:loadDemoData2
INFO [2018-11-13 08:09:09] 61:init_factors 
INFO [2018-11-13 08:09:09] uniq_vals_description: 1,2,3,4,5,6,9,10,11,12
INFO [2018-11-13 08:09:09] uniq_vals_description: 5248-1,5248-2,5278-1,5278-2,5285-1,5285-2,5294-1,5294-2,5301-1,5301-2
INFO [2018-11-13 08:09:09] uniq_vals_description: 5248,5278,5285,5294,5301
INFO [2018-11-13 08:09:09] uniq_vals_description: early,late
INFO [2018-11-13 08:09:09] uniq_vals_description: 0,1
INFO [2018-11-13 08:09:09] uniq_vals_description: Cau,Hisp
INFO [2018-11-13 08:09:09] uniq_vals_description: non-Hispanic,Hispanic
INFO [2018-11-13 08:09:09] uniq_vals_description: Caucasian
INFO [2018-11-13 08:09:09] uniq_vals_description: Caucasian,Hispanic
INFO [2018-11-13 08:09:09] uniq_vals_description: underweight/normal,overweight,obese
INFO [2018-11-13 08:09:09] uniq_vals_description: underweight/normal,overweight
INFO [2018-11-13 08:09:09] uniq_vals_description: underweight/normal,obese
INFO [2018-11-13 08:09:09] uniq_vals_description: 1,0,2+
INFO [2018-11-13 08:09:09] uniq_vals_description: one previous birth,no previous births
INFO [2018-11-13 08:09:09] uniq_vals_description: no previous births,two or more previous birth
INFO [2018-11-13 08:09:09] uniq_vals_description: inadequate weight gain,excessive weight gain
INFO [2018-11-13 08:09:09] 85: EXIT init_factors
INFO [2018-11-13 08:09:09] 67:load
INFO [2018-11-13 08:09:11] 117: analysis render ui
INFO [2018-11-13 08:09:11] 120: analysis render ui: all data available
INFO [2018-11-13 08:09:11] analysis : origplot TreatmentGroup
INFO [2018-11-13 08:09:12] newplot: TreatmentGroup None jsd
INFO [2018-11-13 08:09:50] 67:load
INFO [2018-11-13 08:09:52] 163:loadDemoDataBtn2
INFO [2018-11-13 08:09:52] 24:loadDemoData2
INFO [2018-11-13 08:09:52] 61:init_factors 
INFO [2018-11-13 08:09:52] uniq_vals_description: 1,2,3,4,5,6,9,10,11,12
INFO [2018-11-13 08:09:52] uniq_vals_description: 5248-1,5248-2,5278-1,5278-2,5285-1,5285-2,5294-1,5294-2,5301-1,5301-2
INFO [2018-11-13 08:09:52] uniq_vals_description: 5248,5278,5285,5294,5301
INFO [2018-11-13 08:09:52] uniq_vals_description: early,late
INFO [2018-11-13 08:09:52] uniq_vals_description: 0,1
INFO [2018-11-13 08:09:52] uniq_vals_description: Cau,Hisp
INFO [2018-11-13 08:09:52] uniq_vals_description: non-Hispanic,Hispanic
INFO [2018-11-13 08:09:52] uniq_vals_description: Caucasian
INFO [2018-11-13 08:09:52] uniq_vals_description: Caucasian,Hispanic
INFO [2018-11-13 08:09:52] uniq_vals_description: underweight/normal,overweight,obese
INFO [2018-11-13 08:09:52] uniq_vals_description: underweight/normal,overweight
INFO [2018-11-13 08:09:52] uniq_vals_description: underweight/normal,obese
INFO [2018-11-13 08:09:52] uniq_vals_description: 1,0,2+
INFO [2018-11-13 08:09:52] uniq_vals_description: one previous birth,no previous births
INFO [2018-11-13 08:09:52] uniq_vals_description: no previous births,two or more previous birth
INFO [2018-11-13 08:09:52] uniq_vals_description: inadequate weight gain,excessive weight gain
INFO [2018-11-13 08:09:52] 85: EXIT init_factors
INFO [2018-11-13 08:09:52] 67:load
INFO [2018-11-13 08:09:53] 117: analysis render ui
INFO [2018-11-13 08:09:53] 120: analysis render ui: all data available
INFO [2018-11-13 08:09:53] analysis : origplot TreatmentGroup
INFO [2018-11-13 08:09:54] newplot: TreatmentGroup None jsd
INFO [2018-11-13 08:10:19] newplot: TreatmentGroup ethnicity_all jsd
INFO [2018-11-13 08:10:26] newplot: TreatmentGroup trimester3_1 jsd
INFO [2018-11-13 08:10:29] newplot: TreatmentGroup None jsd
INFO [2018-11-13 08:12:03] 67:load
INFO [2018-11-13 08:12:04] 163:loadDemoDataBtn2
INFO [2018-11-13 08:12:04] 24:loadDemoData2
INFO [2018-11-13 08:12:04] 61:init_factors 
INFO [2018-11-13 08:12:04] uniq_vals_description: 1,2,3,4,5,6,9,10,11,12
INFO [2018-11-13 08:12:04] uniq_vals_description: 5248-1,5248-2,5278-1,5278-2,5285-1,5285-2,5294-1,5294-2,5301-1,5301-2
INFO [2018-11-13 08:12:04] uniq_vals_description: 5248,5278,5285,5294,5301
INFO [2018-11-13 08:12:04] uniq_vals_description: early,late
INFO [2018-11-13 08:12:04] uniq_vals_description: 0,1
INFO [2018-11-13 08:12:04] uniq_vals_description: Cau,Hisp
INFO [2018-11-13 08:12:04] uniq_vals_description: non-Hispanic,Hispanic
INFO [2018-11-13 08:12:04] uniq_vals_description: Caucasian
INFO [2018-11-13 08:12:04] uniq_vals_description: Caucasian,Hispanic
INFO [2018-11-13 08:12:04] uniq_vals_description: underweight/normal,overweight,obese
INFO [2018-11-13 08:12:04] uniq_vals_description: underweight/normal,overweight
INFO [2018-11-13 08:12:04] uniq_vals_description: underweight/normal,obese
INFO [2018-11-13 08:12:04] uniq_vals_description: 1,0,2+
INFO [2018-11-13 08:12:04] uniq_vals_description: one previous birth,no previous births
INFO [2018-11-13 08:12:05] uniq_vals_description: no previous births,two or more previous birth
INFO [2018-11-13 08:12:05] uniq_vals_description: inadequate weight gain,excessive weight gain
INFO [2018-11-13 08:12:05] 85: EXIT init_factors
INFO [2018-11-13 08:12:05] 67:load
INFO [2018-11-13 08:12:06] 117: analysis render ui
INFO [2018-11-13 08:12:06] 120: analysis render ui: all data available
INFO [2018-11-13 08:12:06] analysis : origplot TreatmentGroup
INFO [2018-11-13 08:12:07] newplot: TreatmentGroup None jsd
INFO [2018-11-13 08:12:25] analysis : origplot TreatmentGroup
INFO [2018-11-13 08:12:27] newplot: TreatmentGroup None jsd
INFO [2018-11-13 08:13:46] 67:load
INFO [2018-11-13 08:13:47] 163:loadDemoDataBtn2
INFO [2018-11-13 08:13:47] 24:loadDemoData2
INFO [2018-11-13 08:13:47] 61:init_factors 
INFO [2018-11-13 08:13:47] uniq_vals_description: 1,2,3,4,5,6,9,10,11,12
INFO [2018-11-13 08:13:47] uniq_vals_description: 5248-1,5248-2,5278-1,5278-2,5285-1,5285-2,5294-1,5294-2,5301-1,5301-2
INFO [2018-11-13 08:13:47] uniq_vals_description: 5248,5278,5285,5294,5301
INFO [2018-11-13 08:13:47] uniq_vals_description: early,late
INFO [2018-11-13 08:13:47] uniq_vals_description: 0,1
INFO [2018-11-13 08:13:47] uniq_vals_description: Cau,Hisp
INFO [2018-11-13 08:13:47] uniq_vals_description: non-Hispanic,Hispanic
INFO [2018-11-13 08:13:47] uniq_vals_description: Caucasian
INFO [2018-11-13 08:13:47] uniq_vals_description: Caucasian,Hispanic
INFO [2018-11-13 08:13:47] uniq_vals_description: underweight/normal,overweight,obese
INFO [2018-11-13 08:13:47] uniq_vals_description: underweight/normal,overweight
INFO [2018-11-13 08:13:47] uniq_vals_description: underweight/normal,obese
INFO [2018-11-13 08:13:47] uniq_vals_description: 1,0,2+
INFO [2018-11-13 08:13:47] uniq_vals_description: one previous birth,no previous births
INFO [2018-11-13 08:13:47] uniq_vals_description: no previous births,two or more previous birth
INFO [2018-11-13 08:13:47] uniq_vals_description: inadequate weight gain,excessive weight gain
INFO [2018-11-13 08:13:47] 85: EXIT init_factors
INFO [2018-11-13 08:13:47] 67:load
INFO [2018-11-13 08:13:49] 117: analysis render ui
INFO [2018-11-13 08:13:49] 120: analysis render ui: all data available
INFO [2018-11-13 08:13:49] analysis : origplot TreatmentGroup
INFO [2018-11-13 08:13:50] newplot: TreatmentGroup None jsd
INFO [2018-11-13 08:13:55] newplot: TreatmentGroup ethnicity_all jsd
INFO [2018-11-13 08:14:04] newplot: TreatmentGroup ethnicity_CaucVSAA jsd
INFO [2018-11-13 08:14:06] newplot: TreatmentGroup None jsd
INFO [2018-11-13 08:14:08] newplot: TreatmentGroup trimester3_1 jsd
INFO [2018-11-13 08:14:14] newplot: TreatmentGroup iom_weight jsd
INFO [2018-11-13 08:14:18] 40: model-testsPanel::tests - renderUI - TESTS
INFO [2018-11-13 08:21:21] newplot: TreatmentGroup TreatmentGroup jsd
INFO [2018-11-13 08:22:15] newplot: TreatmentGroup None jsd
INFO [2018-11-13 08:22:58] newplot: TreatmentGroup TreatmentGroup jsd
INFO [2018-11-13 08:23:04] newplot: TreatmentGroup ethnicity_all jsd
INFO [2018-11-13 08:24:47] 67:load
INFO [2018-11-13 08:24:48] 163:loadDemoDataBtn2
INFO [2018-11-13 08:24:48] 24:loadDemoData2
INFO [2018-11-13 08:24:49] 61:init_factors 
INFO [2018-11-13 08:24:49] uniq_vals_description: 1,2,3,4,5,6,9,10,11,12
INFO [2018-11-13 08:24:49] uniq_vals_description: 5248-1,5248-2,5278-1,5278-2,5285-1,5285-2,5294-1,5294-2,5301-1,5301-2
INFO [2018-11-13 08:24:49] uniq_vals_description: 5248,5278,5285,5294,5301
INFO [2018-11-13 08:24:49] uniq_vals_description: early,late
INFO [2018-11-13 08:24:49] uniq_vals_description: 0,1
INFO [2018-11-13 08:24:49] uniq_vals_description: Cau,Hisp
INFO [2018-11-13 08:24:49] uniq_vals_description: non-Hispanic,Hispanic
INFO [2018-11-13 08:24:49] uniq_vals_description: Caucasian
INFO [2018-11-13 08:24:49] uniq_vals_description: Caucasian,Hispanic
INFO [2018-11-13 08:24:49] uniq_vals_description: underweight/normal,overweight,obese
INFO [2018-11-13 08:24:49] uniq_vals_description: underweight/normal,overweight
INFO [2018-11-13 08:24:49] uniq_vals_description: underweight/normal,obese
INFO [2018-11-13 08:24:49] uniq_vals_description: 1,0,2+
INFO [2018-11-13 08:24:49] uniq_vals_description: one previous birth,no previous births
INFO [2018-11-13 08:24:49] uniq_vals_description: no previous births,two or more previous birth
INFO [2018-11-13 08:24:49] uniq_vals_description: inadequate weight gain,excessive weight gain
INFO [2018-11-13 08:24:49] 85: EXIT init_factors
INFO [2018-11-13 08:24:49] 67:load
INFO [2018-11-13 08:24:50] 117: analysis render ui
INFO [2018-11-13 08:24:50] 120: analysis render ui: all data available
INFO [2018-11-13 08:24:50] analysis : origplot TreatmentGroup
INFO [2018-11-13 08:24:55] newplot: TreatmentGroup None jsd
INFO [2018-11-13 08:25:04] newplot: TreatmentGroup trimester3_1 jsd
INFO [2018-11-13 08:25:06] newplot: TreatmentGroup ethnicity_all jsd
INFO [2018-11-13 08:26:39] newplot: TreatmentGroup ethnicity_CaucVSAA jsd
INFO [2018-11-13 08:26:41] newplot: TreatmentGroup TreatmentGroup jsd
INFO [2018-11-13 08:29:08] 67:load
INFO [2018-11-13 08:29:10] 163:loadDemoDataBtn2
INFO [2018-11-13 08:29:10] 24:loadDemoData2
INFO [2018-11-13 08:29:10] 61:init_factors 
INFO [2018-11-13 08:29:10] uniq_vals_description: 1,2,3,4,5,6,9,10,11,12
INFO [2018-11-13 08:29:10] uniq_vals_description: 5248-1,5248-2,5278-1,5278-2,5285-1,5285-2,5294-1,5294-2,5301-1,5301-2
INFO [2018-11-13 08:29:10] uniq_vals_description: 5248,5278,5285,5294,5301
INFO [2018-11-13 08:29:10] uniq_vals_description: early,late
INFO [2018-11-13 08:29:10] uniq_vals_description: 0,1
INFO [2018-11-13 08:29:10] uniq_vals_description: Cau,Hisp
INFO [2018-11-13 08:29:10] uniq_vals_description: non-Hispanic,Hispanic
INFO [2018-11-13 08:29:10] uniq_vals_description: Caucasian
INFO [2018-11-13 08:29:10] uniq_vals_description: Caucasian,Hispanic
INFO [2018-11-13 08:29:10] uniq_vals_description: underweight/normal,overweight,obese
INFO [2018-11-13 08:29:10] uniq_vals_description: underweight/normal,overweight
INFO [2018-11-13 08:29:10] uniq_vals_description: underweight/normal,obese
INFO [2018-11-13 08:29:10] uniq_vals_description: 1,0,2+
INFO [2018-11-13 08:29:10] uniq_vals_description: one previous birth,no previous births
INFO [2018-11-13 08:29:10] uniq_vals_description: no previous births,two or more previous birth
INFO [2018-11-13 08:29:10] uniq_vals_description: inadequate weight gain,excessive weight gain
INFO [2018-11-13 08:29:10] 85: EXIT init_factors
INFO [2018-11-13 08:29:10] 67:load
INFO [2018-11-13 08:29:11] 117: analysis render ui
INFO [2018-11-13 08:29:11] 120: analysis render ui: all data available
INFO [2018-11-13 08:29:11] analysis : origplot TreatmentGroup
INFO [2018-11-13 08:29:21] newplot: TreatmentGroup None jsd
INFO [2018-11-13 08:30:25] newplot: TreatmentGroup ethnicity_all jsd
INFO [2019-02-05 14:07:28] 67:load
INFO [2019-02-05 14:07:30] 159:loadDemoDataBtn
INFO [2019-02-05 14:07:30] 46:loadDemoData
INFO [2019-02-05 14:07:30] 61:init_factors 
INFO [2019-02-05 14:07:30] uniq_vals_description: white,black
INFO [2019-02-05 14:07:30] uniq_vals_description: DIST,PROX
INFO [2019-02-05 14:07:30] 85: EXIT init_factors
INFO [2019-02-05 14:07:30] 67:load
INFO [2019-02-05 14:07:34] 117: analysis render ui
INFO [2019-02-05 14:07:34] 120: analysis render ui: all data available
INFO [2019-02-05 14:07:35] analysis : origplot race
INFO [2019-02-05 14:07:36] 40: model-testsPanel::tests - renderUI - TESTS
INFO [2019-02-05 18:13:51] analysis : origplot race
